{"C:\\Users\\joaoj\\Ambiente de Trabalho\\ProjetoEngSoftware\\v3 (atual)\\filtrarFile.js": {"path":"C:\\Users\\joaoj\\Ambiente de Trabalho\\ProjetoEngSoftware\\v3 (atual)\\filtrarFile.js","statementMap":{"0":{"start":{"line":8,"column":4},"end":{"line":11,"column":5}},"1":{"start":{"line":9,"column":8},"end":{"line":9,"column":48}},"2":{"start":{"line":10,"column":8},"end":{"line":10,"column":15}},"3":{"start":{"line":15,"column":4},"end":{"line":15,"column":35}},"4":{"start":{"line":18,"column":4},"end":{"line":18,"column":37}},"5":{"start":{"line":21,"column":4},"end":{"line":21,"column":21}},"6":{"start":{"line":23,"column":4},"end":{"line":23,"column":25}},"7":{"start":{"line":26,"column":0},"end":{"line":26,"column":29}}},"fnMap":{"0":{"name":"filtrarFile","decl":{"start":{"line":7,"column":9},"end":{"line":7,"column":20}},"loc":{"start":{"line":7,"column":30},"end":{"line":24,"column":1}},"line":7}},"branchMap":{"0":{"loc":{"start":{"line":8,"column":4},"end":{"line":11,"column":5}},"type":"if","locations":[{"start":{"line":8,"column":4},"end":{"line":11,"column":5}},{"start":{},"end":{}}],"line":8}},"s":{"0":2,"1":1,"2":1,"3":1,"4":1,"5":1,"6":1,"7":1},"f":{"0":2},"b":{"0":[1,1]},"_coverageSchema":"1a1c01bbd47fc00a2c39e90264f33305004495a9","hash":"5b84c0f098e9284623b0aebb030c64697316079f"}
,"C:\\Users\\joaoj\\Ambiente de Trabalho\\ProjetoEngSoftware\\v3 (atual)\\filtrarFileCaract.js": {"path":"C:\\Users\\joaoj\\Ambiente de Trabalho\\ProjetoEngSoftware\\v3 (atual)\\filtrarFileCaract.js","statementMap":{"0":{"start":{"line":4,"column":4},"end":{"line":4,"column":54}},"1":{"start":{"line":7,"column":4},"end":{"line":7,"column":75}},"2":{"start":{"line":10,"column":4},"end":{"line":10,"column":40}},"3":{"start":{"line":12,"column":4},"end":{"line":12,"column":47}},"4":{"start":{"line":13,"column":4},"end":{"line":13,"column":43}},"5":{"start":{"line":16,"column":2},"end":{"line":16,"column":50}}},"fnMap":{"0":{"name":"filtrarFileCaracterizacaoSalas","decl":{"start":{"line":1,"column":9},"end":{"line":1,"column":39}},"loc":{"start":{"line":1,"column":49},"end":{"line":14,"column":3}},"line":1}},"branchMap":{},"s":{"0":1,"1":1,"2":1,"3":1,"4":1,"5":1},"f":{"0":1},"b":{},"_coverageSchema":"1a1c01bbd47fc00a2c39e90264f33305004495a9","hash":"f5f9a00647936706f499c678907ca53c6c47c77a"}
,"C:\\Users\\joaoj\\Ambiente de Trabalho\\ProjetoEngSoftware\\v3 (atual)\\handleFicheiroSalas.js": {"path":"C:\\Users\\joaoj\\Ambiente de Trabalho\\ProjetoEngSoftware\\v3 (atual)\\handleFicheiroSalas.js","statementMap":{"0":{"start":{"line":2,"column":4},"end":{"line":2,"column":23}},"1":{"start":{"line":3,"column":17},"end":{"line":3,"column":38}},"2":{"start":{"line":4,"column":19},"end":{"line":4,"column":35}},"3":{"start":{"line":5,"column":4},"end":{"line":5,"column":22}},"4":{"start":{"line":7,"column":4},"end":{"line":11,"column":6}},"5":{"start":{"line":8,"column":22},"end":{"line":8,"column":35}},"6":{"start":{"line":9,"column":6},"end":{"line":9,"column":28}},"7":{"start":{"line":10,"column":6},"end":{"line":10,"column":46}},"8":{"start":{"line":13,"column":4},"end":{"line":15,"column":6}},"9":{"start":{"line":14,"column":6},"end":{"line":14,"column":46}},"10":{"start":{"line":17,"column":4},"end":{"line":17,"column":36}},"11":{"start":{"line":20,"column":0},"end":{"line":20,"column":38}}},"fnMap":{"0":{"name":"handleFicheiroSalas","decl":{"start":{"line":1,"column":9},"end":{"line":1,"column":28}},"loc":{"start":{"line":1,"column":36},"end":{"line":18,"column":3}},"line":1},"1":{"name":"(anonymous_1)","decl":{"start":{"line":7,"column":20},"end":{"line":7,"column":21}},"loc":{"start":{"line":7,"column":32},"end":{"line":11,"column":5}},"line":7},"2":{"name":"(anonymous_2)","decl":{"start":{"line":13,"column":21},"end":{"line":13,"column":22}},"loc":{"start":{"line":13,"column":33},"end":{"line":15,"column":5}},"line":13}},"branchMap":{},"s":{"0":2,"1":2,"2":2,"3":2,"4":2,"5":1,"6":1,"7":1,"8":2,"9":1,"10":2,"11":1},"f":{"0":2,"1":1,"2":1},"b":{},"_coverageSchema":"1a1c01bbd47fc00a2c39e90264f33305004495a9","hash":"2b75c04753abd316902c62c3d62013cceb506507"}
,"C:\\Users\\joaoj\\Ambiente de Trabalho\\ProjetoEngSoftware\\v3 (atual)\\handleFicheiroUpload.js": {"path":"C:\\Users\\joaoj\\Ambiente de Trabalho\\ProjetoEngSoftware\\v3 (atual)\\handleFicheiroUpload.js","statementMap":{"0":{"start":{"line":2,"column":17},"end":{"line":2,"column":38}},"1":{"start":{"line":3,"column":19},"end":{"line":3,"column":35}},"2":{"start":{"line":4,"column":4},"end":{"line":4,"column":22}},"3":{"start":{"line":6,"column":4},"end":{"line":10,"column":6}},"4":{"start":{"line":7,"column":22},"end":{"line":7,"column":35}},"5":{"start":{"line":8,"column":6},"end":{"line":8,"column":28}},"6":{"start":{"line":9,"column":6},"end":{"line":9,"column":27}},"7":{"start":{"line":12,"column":4},"end":{"line":14,"column":6}},"8":{"start":{"line":13,"column":6},"end":{"line":13,"column":46}},"9":{"start":{"line":16,"column":4},"end":{"line":16,"column":36}},"10":{"start":{"line":19,"column":0},"end":{"line":19,"column":39}}},"fnMap":{"0":{"name":"handleFicheiroUpload","decl":{"start":{"line":1,"column":9},"end":{"line":1,"column":29}},"loc":{"start":{"line":1,"column":37},"end":{"line":17,"column":3}},"line":1},"1":{"name":"(anonymous_1)","decl":{"start":{"line":6,"column":20},"end":{"line":6,"column":21}},"loc":{"start":{"line":6,"column":32},"end":{"line":10,"column":5}},"line":6},"2":{"name":"(anonymous_2)","decl":{"start":{"line":12,"column":21},"end":{"line":12,"column":22}},"loc":{"start":{"line":12,"column":33},"end":{"line":14,"column":5}},"line":12}},"branchMap":{},"s":{"0":2,"1":2,"2":2,"3":2,"4":1,"5":1,"6":1,"7":2,"8":1,"9":2,"10":1},"f":{"0":2,"1":1,"2":1},"b":{},"_coverageSchema":"1a1c01bbd47fc00a2c39e90264f33305004495a9","hash":"04faa58bd055123627d4d33a2df58e39bf8772c4"}
,"C:\\Users\\joaoj\\Ambiente de Trabalho\\ProjetoEngSoftware\\v3 (atual)\\minMax.js": {"path":"C:\\Users\\joaoj\\Ambiente de Trabalho\\ProjetoEngSoftware\\v3 (atual)\\minMax.js","statementMap":{"0":{"start":{"line":3,"column":4},"end":{"line":15,"column":5}},"1":{"start":{"line":4,"column":6},"end":{"line":14,"column":7}},"2":{"start":{"line":5,"column":8},"end":{"line":9,"column":9}},"3":{"start":{"line":6,"column":10},"end":{"line":6,"column":78}},"4":{"start":{"line":8,"column":10},"end":{"line":8,"column":47}},"5":{"start":{"line":11,"column":8},"end":{"line":13,"column":9}},"6":{"start":{"line":12,"column":10},"end":{"line":12,"column":45}},"7":{"start":{"line":17,"column":4},"end":{"line":17,"column":16}},"8":{"start":{"line":20,"column":0},"end":{"line":20,"column":39}}},"fnMap":{"0":{"name":"minMaxFilterFunction","decl":{"start":{"line":1,"column":9},"end":{"line":1,"column":29}},"loc":{"start":{"line":1,"column":76},"end":{"line":18,"column":3}},"line":1}},"branchMap":{"0":{"loc":{"start":{"line":3,"column":4},"end":{"line":15,"column":5}},"type":"if","locations":[{"start":{"line":3,"column":4},"end":{"line":15,"column":5}},{"start":{},"end":{}}],"line":3},"1":{"loc":{"start":{"line":4,"column":6},"end":{"line":14,"column":7}},"type":"if","locations":[{"start":{"line":4,"column":6},"end":{"line":14,"column":7}},{"start":{"line":10,"column":13},"end":{"line":14,"column":7}}],"line":4},"2":{"loc":{"start":{"line":5,"column":8},"end":{"line":9,"column":9}},"type":"if","locations":[{"start":{"line":5,"column":8},"end":{"line":9,"column":9}},{"start":{"line":7,"column":15},"end":{"line":9,"column":9}}],"line":5},"3":{"loc":{"start":{"line":6,"column":17},"end":{"line":6,"column":77}},"type":"binary-expr","locations":[{"start":{"line":6,"column":17},"end":{"line":6,"column":46}},{"start":{"line":6,"column":50},"end":{"line":6,"column":77}}],"line":6},"4":{"loc":{"start":{"line":11,"column":8},"end":{"line":13,"column":9}},"type":"if","locations":[{"start":{"line":11,"column":8},"end":{"line":13,"column":9}},{"start":{},"end":{}}],"line":11}},"s":{"0":5,"1":4,"2":4,"3":4,"4":0,"5":0,"6":0,"7":1,"8":1},"f":{"0":5},"b":{"0":[4,1],"1":[4,0],"2":[4,0],"3":[4,3],"4":[0,0]},"_coverageSchema":"1a1c01bbd47fc00a2c39e90264f33305004495a9","hash":"c41cfcfe1ccd1e031403d8860074e6ad903e5cbb"}
,"C:\\Users\\joaoj\\Ambiente de Trabalho\\ProjetoEngSoftware\\v3 (atual)\\temDataEHora.js": {"path":"C:\\Users\\joaoj\\Ambiente de Trabalho\\ProjetoEngSoftware\\v3 (atual)\\temDataEHora.js","statementMap":{"0":{"start":{"line":2,"column":4},"end":{"line":2,"column":38}},"1":{"start":{"line":3,"column":4},"end":{"line":3,"column":17}},"2":{"start":{"line":4,"column":4},"end":{"line":8,"column":18}},"3":{"start":{"line":5,"column":6},"end":{"line":5,"column":30}},"4":{"start":{"line":6,"column":6},"end":{"line":6,"column":17}},"5":{"start":{"line":8,"column":6},"end":{"line":8,"column":18}},"6":{"start":{"line":17,"column":4},"end":{"line":17,"column":38}},"7":{"start":{"line":18,"column":4},"end":{"line":18,"column":17}},"8":{"start":{"line":19,"column":4},"end":{"line":23,"column":18}},"9":{"start":{"line":20,"column":6},"end":{"line":20,"column":30}},"10":{"start":{"line":21,"column":6},"end":{"line":21,"column":17}},"11":{"start":{"line":23,"column":6},"end":{"line":23,"column":18}},"12":{"start":{"line":26,"column":0},"end":{"line":26,"column":38}}},"fnMap":{"0":{"name":"hasData","decl":{"start":{"line":1,"column":9},"end":{"line":1,"column":16}},"loc":{"start":{"line":1,"column":25},"end":{"line":9,"column":3}},"line":1},"1":{"name":"hasHour","decl":{"start":{"line":16,"column":11},"end":{"line":16,"column":18}},"loc":{"start":{"line":16,"column":27},"end":{"line":24,"column":3}},"line":16}},"branchMap":{"0":{"loc":{"start":{"line":4,"column":4},"end":{"line":8,"column":18}},"type":"if","locations":[{"start":{"line":4,"column":4},"end":{"line":8,"column":18}},{"start":{"line":8,"column":6},"end":{"line":8,"column":18}}],"line":4},"1":{"loc":{"start":{"line":19,"column":4},"end":{"line":23,"column":18}},"type":"if","locations":[{"start":{"line":19,"column":4},"end":{"line":23,"column":18}},{"start":{"line":23,"column":6},"end":{"line":23,"column":18}}],"line":19}},"s":{"0":3,"1":3,"2":3,"3":2,"4":2,"5":1,"6":3,"7":3,"8":3,"9":2,"10":2,"11":1,"12":1},"f":{"0":3,"1":3},"b":{"0":[2,1],"1":[2,1]},"_coverageSchema":"1a1c01bbd47fc00a2c39e90264f33305004495a9","hash":"eb293339cb410e8727db63bad8caf05d366650c9"}
,"C:\\Users\\joaoj\\Ambiente de Trabalho\\ProjetoEngSoftware\\v3 (atual)\\tipoDeInput.js": {"path":"C:\\Users\\joaoj\\Ambiente de Trabalho\\ProjetoEngSoftware\\v3 (atual)\\tipoDeInput.js","statementMap":{"0":{"start":{"line":2,"column":4},"end":{"line":7,"column":20}},"1":{"start":{"line":3,"column":6},"end":{"line":3,"column":20}},"2":{"start":{"line":4,"column":9},"end":{"line":7,"column":20}},"3":{"start":{"line":5,"column":6},"end":{"line":5,"column":20}},"4":{"start":{"line":7,"column":6},"end":{"line":7,"column":20}},"5":{"start":{"line":12,"column":2},"end":{"line":12,"column":42}}},"fnMap":{"0":{"name":"tipoDeInputASerCriado","decl":{"start":{"line":1,"column":9},"end":{"line":1,"column":30}},"loc":{"start":{"line":1,"column":45},"end":{"line":10,"column":3}},"line":1}},"branchMap":{"0":{"loc":{"start":{"line":2,"column":4},"end":{"line":7,"column":20}},"type":"if","locations":[{"start":{"line":2,"column":4},"end":{"line":7,"column":20}},{"start":{"line":4,"column":9},"end":{"line":7,"column":20}}],"line":2},"1":{"loc":{"start":{"line":4,"column":9},"end":{"line":7,"column":20}},"type":"if","locations":[{"start":{"line":4,"column":9},"end":{"line":7,"column":20}},{"start":{"line":7,"column":6},"end":{"line":7,"column":20}}],"line":4}},"s":{"0":5,"1":2,"2":3,"3":2,"4":1,"5":1},"f":{"0":5},"b":{"0":[2,3],"1":[2,1]},"_coverageSchema":"1a1c01bbd47fc00a2c39e90264f33305004495a9","hash":"230a0e857ef72550b23f425cc3b7dd7676ddaf0f"}
}
