{"C:\\Users\\zeped\\OneDrive\\Documents\\olaprogramador\\GitProjetoEngSoftware\\ProjetoEngSoftware\\v3 (atual)\\index3.js": {"path":"C:\\Users\\zeped\\OneDrive\\Documents\\olaprogramador\\GitProjetoEngSoftware\\ProjetoEngSoftware\\v3 (atual)\\index3.js","statementMap":{"0":{"start":{"line":6,"column":14},"end":{"line":6,"column":16}},"1":{"start":{"line":7,"column":13},"end":{"line":7,"column":15}},"2":{"start":{"line":15,"column":43},"end":{"line":15,"column":47}},"3":{"start":{"line":17,"column":12},"end":{"line":17,"column":53}},"4":{"start":{"line":18,"column":12},"end":{"line":18,"column":13}},"5":{"start":{"line":20,"column":0},"end":{"line":21,"column":50}},"6":{"start":{"line":21,"column":2},"end":{"line":21,"column":50}},"7":{"start":{"line":27,"column":4},"end":{"line":27,"column":12}},"8":{"start":{"line":28,"column":4},"end":{"line":31,"column":5}},"9":{"start":{"line":29,"column":21},"end":{"line":29,"column":34}},"10":{"start":{"line":30,"column":6},"end":{"line":30,"column":45}},"11":{"start":{"line":32,"column":4},"end":{"line":32,"column":16}},"12":{"start":{"line":40,"column":0},"end":{"line":40,"column":54}},"13":{"start":{"line":41,"column":0},"end":{"line":44,"column":5}},"14":{"start":{"line":42,"column":2},"end":{"line":44,"column":5}},"15":{"start":{"line":43,"column":4},"end":{"line":43,"column":38}},"16":{"start":{"line":47,"column":0},"end":{"line":47,"column":54}},"17":{"start":{"line":48,"column":0},"end":{"line":49,"column":66}},"18":{"start":{"line":49,"column":2},"end":{"line":49,"column":66}},"19":{"start":{"line":52,"column":17},"end":{"line":52,"column":38}},"20":{"start":{"line":53,"column":19},"end":{"line":53,"column":35}},"21":{"start":{"line":54,"column":4},"end":{"line":54,"column":22}},"22":{"start":{"line":56,"column":4},"end":{"line":60,"column":6}},"23":{"start":{"line":57,"column":22},"end":{"line":57,"column":35}},"24":{"start":{"line":58,"column":6},"end":{"line":58,"column":28}},"25":{"start":{"line":59,"column":6},"end":{"line":59,"column":27}},"26":{"start":{"line":62,"column":4},"end":{"line":64,"column":6}},"27":{"start":{"line":63,"column":6},"end":{"line":63,"column":46}},"28":{"start":{"line":66,"column":4},"end":{"line":66,"column":35}},"29":{"start":{"line":76,"column":2},"end":{"line":85,"column":3}},"30":{"start":{"line":78,"column":4},"end":{"line":78,"column":35}},"31":{"start":{"line":81,"column":4},"end":{"line":81,"column":37}},"32":{"start":{"line":84,"column":4},"end":{"line":84,"column":21}},"33":{"start":{"line":86,"column":2},"end":{"line":86,"column":22}},"34":{"start":{"line":87,"column":2},"end":{"line":87,"column":16}},"35":{"start":{"line":90,"column":0},"end":{"line":90,"column":41}},"36":{"start":{"line":99,"column":17},"end":{"line":148,"column":1}},"37":{"start":{"line":103,"column":18},"end":{"line":103,"column":97}},"38":{"start":{"line":104,"column":10},"end":{"line":104,"column":41}},"39":{"start":{"line":106,"column":2},"end":{"line":106,"column":37}},"40":{"start":{"line":108,"column":2},"end":{"line":108,"column":30}},"41":{"start":{"line":109,"column":2},"end":{"line":109,"column":29}},"42":{"start":{"line":110,"column":2},"end":{"line":110,"column":39}},"43":{"start":{"line":112,"column":2},"end":{"line":112,"column":26}},"44":{"start":{"line":117,"column":2},"end":{"line":120,"column":5}},"45":{"start":{"line":118,"column":6},"end":{"line":118,"column":20}},"46":{"start":{"line":119,"column":6},"end":{"line":119,"column":34}},"47":{"start":{"line":126,"column":6},"end":{"line":130,"column":7}},"48":{"start":{"line":127,"column":10},"end":{"line":127,"column":95}},"49":{"start":{"line":129,"column":10},"end":{"line":129,"column":19}},"50":{"start":{"line":134,"column":2},"end":{"line":134,"column":43}},"51":{"start":{"line":138,"column":2},"end":{"line":146,"column":5}},"52":{"start":{"line":139,"column":6},"end":{"line":141,"column":7}},"53":{"start":{"line":140,"column":10},"end":{"line":140,"column":21}},"54":{"start":{"line":143,"column":6},"end":{"line":145,"column":7}},"55":{"start":{"line":144,"column":10},"end":{"line":144,"column":19}},"56":{"start":{"line":147,"column":2},"end":{"line":147,"column":15}},"57":{"start":{"line":157,"column":17},"end":{"line":214,"column":1}},"58":{"start":{"line":161,"column":18},"end":{"line":161,"column":93}},"59":{"start":{"line":162,"column":10},"end":{"line":162,"column":41}},"60":{"start":{"line":164,"column":2},"end":{"line":164,"column":37}},"61":{"start":{"line":166,"column":2},"end":{"line":166,"column":30}},"62":{"start":{"line":167,"column":2},"end":{"line":167,"column":29}},"63":{"start":{"line":168,"column":2},"end":{"line":168,"column":39}},"64":{"start":{"line":171,"column":14},"end":{"line":171,"column":48}},"65":{"start":{"line":172,"column":2},"end":{"line":172,"column":40}},"66":{"start":{"line":177,"column":2},"end":{"line":180,"column":5}},"67":{"start":{"line":178,"column":6},"end":{"line":178,"column":20}},"68":{"start":{"line":179,"column":6},"end":{"line":179,"column":34}},"69":{"start":{"line":188,"column":25},"end":{"line":188,"column":36}},"70":{"start":{"line":189,"column":25},"end":{"line":189,"column":51}},"71":{"start":{"line":192,"column":27},"end":{"line":192,"column":63}},"72":{"start":{"line":194,"column":6},"end":{"line":198,"column":7}},"73":{"start":{"line":195,"column":10},"end":{"line":195,"column":55}},"74":{"start":{"line":197,"column":10},"end":{"line":197,"column":19}},"75":{"start":{"line":201,"column":2},"end":{"line":201,"column":43}},"76":{"start":{"line":204,"column":2},"end":{"line":212,"column":5}},"77":{"start":{"line":205,"column":6},"end":{"line":207,"column":7}},"78":{"start":{"line":206,"column":10},"end":{"line":206,"column":21}},"79":{"start":{"line":209,"column":6},"end":{"line":211,"column":7}},"80":{"start":{"line":210,"column":10},"end":{"line":210,"column":19}},"81":{"start":{"line":213,"column":2},"end":{"line":213,"column":15}},"82":{"start":{"line":221,"column":2},"end":{"line":238,"column":5}},"83":{"start":{"line":224,"column":19},"end":{"line":224,"column":34}},"84":{"start":{"line":225,"column":20},"end":{"line":225,"column":22}},"85":{"start":{"line":226,"column":6},"end":{"line":228,"column":9}},"86":{"start":{"line":227,"column":8},"end":{"line":227,"column":40}},"87":{"start":{"line":229,"column":6},"end":{"line":229,"column":21}},"88":{"start":{"line":231,"column":36},"end":{"line":231,"column":169}},"89":{"start":{"line":240,"column":2},"end":{"line":240,"column":27}},"90":{"start":{"line":244,"column":0},"end":{"line":244,"column":79}},"91":{"start":{"line":245,"column":0},"end":{"line":245,"column":17}},"92":{"start":{"line":247,"column":6},"end":{"line":248,"column":82}},"93":{"start":{"line":248,"column":8},"end":{"line":248,"column":82}},"94":{"start":{"line":251,"column":8},"end":{"line":251,"column":27}},"95":{"start":{"line":252,"column":21},"end":{"line":252,"column":42}},"96":{"start":{"line":253,"column":23},"end":{"line":253,"column":39}},"97":{"start":{"line":254,"column":8},"end":{"line":254,"column":26}},"98":{"start":{"line":256,"column":8},"end":{"line":260,"column":10}},"99":{"start":{"line":257,"column":26},"end":{"line":257,"column":39}},"100":{"start":{"line":258,"column":10},"end":{"line":258,"column":32}},"101":{"start":{"line":259,"column":10},"end":{"line":259,"column":50}},"102":{"start":{"line":262,"column":8},"end":{"line":264,"column":10}},"103":{"start":{"line":263,"column":10},"end":{"line":263,"column":50}},"104":{"start":{"line":266,"column":8},"end":{"line":266,"column":39}},"105":{"start":{"line":278,"column":2},"end":{"line":278,"column":52}},"106":{"start":{"line":281,"column":2},"end":{"line":281,"column":73}},"107":{"start":{"line":284,"column":2},"end":{"line":284,"column":38}},"108":{"start":{"line":286,"column":2},"end":{"line":286,"column":45}},"109":{"start":{"line":287,"column":2},"end":{"line":287,"column":41}},"110":{"start":{"line":288,"column":2},"end":{"line":288,"column":22}},"111":{"start":{"line":296,"column":4},"end":{"line":296,"column":42}},"112":{"start":{"line":299,"column":4},"end":{"line":299,"column":38}},"113":{"start":{"line":300,"column":4},"end":{"line":300,"column":46}},"114":{"start":{"line":301,"column":4},"end":{"line":301,"column":40}},"115":{"start":{"line":303,"column":4},"end":{"line":319,"column":5}},"116":{"start":{"line":303,"column":14},"end":{"line":303,"column":15}},"117":{"start":{"line":306,"column":18},"end":{"line":306,"column":49}},"118":{"start":{"line":307,"column":6},"end":{"line":307,"column":37}},"119":{"start":{"line":309,"column":6},"end":{"line":309,"column":29}},"120":{"start":{"line":310,"column":19},"end":{"line":310,"column":50}},"121":{"start":{"line":311,"column":24},"end":{"line":311,"column":57}},"122":{"start":{"line":312,"column":6},"end":{"line":312,"column":47}},"123":{"start":{"line":313,"column":6},"end":{"line":313,"column":46}},"124":{"start":{"line":314,"column":6},"end":{"line":314,"column":53}},"125":{"start":{"line":315,"column":6},"end":{"line":315,"column":44}},"126":{"start":{"line":316,"column":6},"end":{"line":316,"column":44}},"127":{"start":{"line":317,"column":6},"end":{"line":317,"column":29}},"128":{"start":{"line":318,"column":6},"end":{"line":318,"column":31}},"129":{"start":{"line":322,"column":20},"end":{"line":322,"column":51}},"130":{"start":{"line":323,"column":4},"end":{"line":323,"column":45}},"131":{"start":{"line":324,"column":4},"end":{"line":324,"column":46}},"132":{"start":{"line":325,"column":4},"end":{"line":325,"column":37}},"133":{"start":{"line":326,"column":4},"end":{"line":326,"column":32}},"134":{"start":{"line":329,"column":19},"end":{"line":329,"column":51}},"135":{"start":{"line":330,"column":4},"end":{"line":330,"column":44}},"136":{"start":{"line":331,"column":4},"end":{"line":331,"column":44}},"137":{"start":{"line":332,"column":4},"end":{"line":332,"column":43}},"138":{"start":{"line":333,"column":4},"end":{"line":333,"column":56}},"139":{"start":{"line":334,"column":4},"end":{"line":334,"column":31}},"140":{"start":{"line":336,"column":18},"end":{"line":336,"column":65}},"141":{"start":{"line":337,"column":4},"end":{"line":337,"column":30}},"142":{"start":{"line":340,"column":4},"end":{"line":353,"column":7}},"143":{"start":{"line":343,"column":6},"end":{"line":343,"column":29}},"144":{"start":{"line":346,"column":19},"end":{"line":346,"column":49}},"145":{"start":{"line":347,"column":6},"end":{"line":352,"column":9}},"146":{"start":{"line":348,"column":8},"end":{"line":351,"column":9}},"147":{"start":{"line":349,"column":10},"end":{"line":349,"column":79}},"148":{"start":{"line":350,"column":10},"end":{"line":350,"column":30}},"149":{"start":{"line":362,"column":4},"end":{"line":362,"column":48}},"150":{"start":{"line":363,"column":4},"end":{"line":363,"column":40}},"151":{"start":{"line":364,"column":4},"end":{"line":364,"column":25}},"152":{"start":{"line":365,"column":4},"end":{"line":381,"column":5}},"153":{"start":{"line":366,"column":6},"end":{"line":372,"column":7}},"154":{"start":{"line":366,"column":16},"end":{"line":366,"column":17}},"155":{"start":{"line":367,"column":8},"end":{"line":370,"column":66}},"156":{"start":{"line":368,"column":10},"end":{"line":368,"column":43}},"157":{"start":{"line":370,"column":8},"end":{"line":370,"column":66}},"158":{"start":{"line":371,"column":8},"end":{"line":371,"column":62}},"159":{"start":{"line":374,"column":23},"end":{"line":374,"column":45}},"160":{"start":{"line":375,"column":6},"end":{"line":375,"column":52}},"161":{"start":{"line":378,"column":26},"end":{"line":378,"column":83}},"162":{"start":{"line":379,"column":6},"end":{"line":379,"column":38}},"163":{"start":{"line":380,"column":6},"end":{"line":380,"column":60}},"164":{"start":{"line":383,"column":4},"end":{"line":383,"column":80}},"165":{"start":{"line":390,"column":2},"end":{"line":390,"column":22}},"166":{"start":{"line":391,"column":15},"end":{"line":391,"column":45}},"167":{"start":{"line":392,"column":2},"end":{"line":395,"column":3}},"168":{"start":{"line":393,"column":4},"end":{"line":394,"column":23}},"169":{"start":{"line":394,"column":6},"end":{"line":394,"column":23}},"170":{"start":{"line":404,"column":2},"end":{"line":409,"column":18}},"171":{"start":{"line":405,"column":4},"end":{"line":405,"column":18}},"172":{"start":{"line":406,"column":7},"end":{"line":409,"column":18}},"173":{"start":{"line":407,"column":4},"end":{"line":407,"column":18}},"174":{"start":{"line":409,"column":4},"end":{"line":409,"column":18}},"175":{"start":{"line":418,"column":4},"end":{"line":418,"column":47}},"176":{"start":{"line":419,"column":4},"end":{"line":433,"column":7}},"177":{"start":{"line":421,"column":21},"end":{"line":421,"column":36}},"178":{"start":{"line":422,"column":22},"end":{"line":422,"column":24}},"179":{"start":{"line":423,"column":8},"end":{"line":425,"column":11}},"180":{"start":{"line":424,"column":10},"end":{"line":424,"column":42}},"181":{"start":{"line":426,"column":8},"end":{"line":426,"column":23}},"182":{"start":{"line":428,"column":57},"end":{"line":428,"column":88}},"183":{"start":{"line":434,"column":4},"end":{"line":434,"column":36}},"184":{"start":{"line":444,"column":2},"end":{"line":444,"column":36}},"185":{"start":{"line":445,"column":2},"end":{"line":445,"column":15}},"186":{"start":{"line":446,"column":2},"end":{"line":450,"column":16}},"187":{"start":{"line":447,"column":4},"end":{"line":447,"column":28}},"188":{"start":{"line":448,"column":4},"end":{"line":448,"column":15}},"189":{"start":{"line":450,"column":4},"end":{"line":450,"column":16}},"190":{"start":{"line":459,"column":2},"end":{"line":459,"column":36}},"191":{"start":{"line":460,"column":2},"end":{"line":460,"column":15}},"192":{"start":{"line":461,"column":2},"end":{"line":465,"column":16}},"193":{"start":{"line":462,"column":4},"end":{"line":462,"column":28}},"194":{"start":{"line":463,"column":4},"end":{"line":463,"column":15}},"195":{"start":{"line":465,"column":4},"end":{"line":465,"column":16}},"196":{"start":{"line":469,"column":19},"end":{"line":513,"column":1}},"197":{"start":{"line":470,"column":13},"end":{"line":470,"column":15}},"198":{"start":{"line":471,"column":16},"end":{"line":471,"column":33}},"199":{"start":{"line":473,"column":2},"end":{"line":510,"column":3}},"200":{"start":{"line":476,"column":17},"end":{"line":476,"column":44}},"201":{"start":{"line":477,"column":6},"end":{"line":477,"column":32}},"202":{"start":{"line":478,"column":6},"end":{"line":478,"column":79}},"203":{"start":{"line":481,"column":18},"end":{"line":481,"column":48}},"204":{"start":{"line":482,"column":18},"end":{"line":482,"column":48}},"205":{"start":{"line":484,"column":6},"end":{"line":484,"column":61}},"206":{"start":{"line":486,"column":6},"end":{"line":486,"column":30}},"207":{"start":{"line":487,"column":6},"end":{"line":487,"column":31}},"208":{"start":{"line":490,"column":6},"end":{"line":509,"column":9}},"209":{"start":{"line":495,"column":14},"end":{"line":495,"column":34}},"210":{"start":{"line":498,"column":14},"end":{"line":498,"column":30}},"211":{"start":{"line":501,"column":14},"end":{"line":507,"column":15}},"212":{"start":{"line":502,"column":18},"end":{"line":502,"column":53}},"213":{"start":{"line":503,"column":18},"end":{"line":503,"column":56}},"214":{"start":{"line":505,"column":18},"end":{"line":505,"column":59}},"215":{"start":{"line":506,"column":18},"end":{"line":506,"column":50}},"216":{"start":{"line":512,"column":1},"end":{"line":512,"column":13}},"217":{"start":{"line":525,"column":6},"end":{"line":537,"column":7}},"218":{"start":{"line":526,"column":10},"end":{"line":536,"column":11}},"219":{"start":{"line":527,"column":14},"end":{"line":531,"column":15}},"220":{"start":{"line":528,"column":18},"end":{"line":528,"column":86}},"221":{"start":{"line":530,"column":18},"end":{"line":530,"column":55}},"222":{"start":{"line":533,"column":14},"end":{"line":535,"column":15}},"223":{"start":{"line":534,"column":18},"end":{"line":534,"column":53}},"224":{"start":{"line":539,"column":2},"end":{"line":539,"column":14}},"225":{"start":{"line":547,"column":4},"end":{"line":547,"column":42}},"226":{"start":{"line":550,"column":4},"end":{"line":550,"column":50}},"227":{"start":{"line":551,"column":4},"end":{"line":551,"column":46}},"228":{"start":{"line":552,"column":4},"end":{"line":552,"column":40}},"229":{"start":{"line":553,"column":5},"end":{"line":553,"column":25}},"230":{"start":{"line":554,"column":4},"end":{"line":570,"column":5}},"231":{"start":{"line":554,"column":14},"end":{"line":554,"column":15}},"232":{"start":{"line":557,"column":18},"end":{"line":557,"column":49}},"233":{"start":{"line":558,"column":6},"end":{"line":558,"column":56}},"234":{"start":{"line":560,"column":6},"end":{"line":560,"column":48}},"235":{"start":{"line":561,"column":19},"end":{"line":561,"column":50}},"236":{"start":{"line":562,"column":24},"end":{"line":562,"column":76}},"237":{"start":{"line":563,"column":6},"end":{"line":563,"column":47}},"238":{"start":{"line":564,"column":6},"end":{"line":564,"column":65}},"239":{"start":{"line":565,"column":6},"end":{"line":565,"column":72}},"240":{"start":{"line":566,"column":6},"end":{"line":566,"column":63}},"241":{"start":{"line":567,"column":6},"end":{"line":567,"column":63}},"242":{"start":{"line":568,"column":6},"end":{"line":568,"column":29}},"243":{"start":{"line":569,"column":6},"end":{"line":569,"column":31}},"244":{"start":{"line":573,"column":20},"end":{"line":573,"column":51}},"245":{"start":{"line":574,"column":4},"end":{"line":574,"column":45}},"246":{"start":{"line":575,"column":4},"end":{"line":575,"column":46}},"247":{"start":{"line":576,"column":4},"end":{"line":576,"column":37}},"248":{"start":{"line":577,"column":4},"end":{"line":577,"column":32}},"249":{"start":{"line":580,"column":19},"end":{"line":580,"column":51}},"250":{"start":{"line":581,"column":4},"end":{"line":581,"column":45}},"251":{"start":{"line":582,"column":4},"end":{"line":582,"column":44}},"252":{"start":{"line":583,"column":4},"end":{"line":583,"column":43}},"253":{"start":{"line":584,"column":4},"end":{"line":584,"column":57}},"254":{"start":{"line":585,"column":4},"end":{"line":585,"column":31}},"255":{"start":{"line":587,"column":18},"end":{"line":587,"column":72}},"256":{"start":{"line":588,"column":4},"end":{"line":588,"column":30}},"257":{"start":{"line":591,"column":4},"end":{"line":603,"column":7}},"258":{"start":{"line":593,"column":6},"end":{"line":593,"column":29}},"259":{"start":{"line":596,"column":19},"end":{"line":596,"column":49}},"260":{"start":{"line":597,"column":6},"end":{"line":602,"column":9}},"261":{"start":{"line":598,"column":8},"end":{"line":601,"column":9}},"262":{"start":{"line":599,"column":10},"end":{"line":599,"column":79}},"263":{"start":{"line":600,"column":10},"end":{"line":600,"column":31}},"264":{"start":{"line":611,"column":2},"end":{"line":611,"column":23}},"265":{"start":{"line":612,"column":15},"end":{"line":612,"column":45}},"266":{"start":{"line":613,"column":2},"end":{"line":616,"column":3}},"267":{"start":{"line":614,"column":4},"end":{"line":615,"column":23}},"268":{"start":{"line":615,"column":6},"end":{"line":615,"column":23}},"269":{"start":{"line":624,"column":2},"end":{"line":624,"column":46}},"270":{"start":{"line":625,"column":2},"end":{"line":625,"column":38}},"271":{"start":{"line":626,"column":2},"end":{"line":626,"column":23}},"272":{"start":{"line":627,"column":2},"end":{"line":642,"column":3}},"273":{"start":{"line":628,"column":4},"end":{"line":634,"column":5}},"274":{"start":{"line":628,"column":14},"end":{"line":628,"column":15}},"275":{"start":{"line":629,"column":6},"end":{"line":632,"column":64}},"276":{"start":{"line":630,"column":8},"end":{"line":630,"column":41}},"277":{"start":{"line":632,"column":6},"end":{"line":632,"column":64}},"278":{"start":{"line":633,"column":6},"end":{"line":633,"column":60}},"279":{"start":{"line":636,"column":21},"end":{"line":636,"column":43}},"280":{"start":{"line":637,"column":4},"end":{"line":637,"column":50}},"281":{"start":{"line":639,"column":24},"end":{"line":639,"column":81}},"282":{"start":{"line":640,"column":4},"end":{"line":640,"column":36}},"283":{"start":{"line":641,"column":4},"end":{"line":641,"column":58}},"284":{"start":{"line":644,"column":2},"end":{"line":644,"column":79}}},"fnMap":{"0":{"name":"darkTheme","decl":{"start":{"line":26,"column":9},"end":{"line":26,"column":18}},"loc":{"start":{"line":26,"column":20},"end":{"line":33,"column":1}},"line":26},"1":{"name":"(anonymous_1)","decl":{"start":{"line":42,"column":40},"end":{"line":42,"column":41}},"loc":{"start":{"line":42,"column":50},"end":{"line":44,"column":3}},"line":42},"2":{"name":"handleFicheiroUpload","decl":{"start":{"line":51,"column":11},"end":{"line":51,"column":31}},"loc":{"start":{"line":51,"column":38},"end":{"line":67,"column":3}},"line":51},"3":{"name":"(anonymous_3)","decl":{"start":{"line":56,"column":20},"end":{"line":56,"column":21}},"loc":{"start":{"line":56,"column":32},"end":{"line":60,"column":5}},"line":56},"4":{"name":"(anonymous_4)","decl":{"start":{"line":62,"column":21},"end":{"line":62,"column":22}},"loc":{"start":{"line":62,"column":33},"end":{"line":64,"column":5}},"line":62},"5":{"name":"filtrarFile","decl":{"start":{"line":75,"column":9},"end":{"line":75,"column":20}},"loc":{"start":{"line":75,"column":29},"end":{"line":88,"column":1}},"line":75},"6":{"name":"(anonymous_6)","decl":{"start":{"line":99,"column":17},"end":{"line":99,"column":18}},"loc":{"start":{"line":99,"column":60},"end":{"line":148,"column":1}},"line":99},"7":{"name":"(anonymous_7)","decl":{"start":{"line":117,"column":13},"end":{"line":117,"column":14}},"loc":{"start":{"line":117,"column":23},"end":{"line":120,"column":3}},"line":117},"8":{"name":"onChange","decl":{"start":{"line":125,"column":11},"end":{"line":125,"column":19}},"loc":{"start":{"line":125,"column":21},"end":{"line":131,"column":3}},"line":125},"9":{"name":"(anonymous_9)","decl":{"start":{"line":138,"column":36},"end":{"line":138,"column":37}},"loc":{"start":{"line":138,"column":47},"end":{"line":146,"column":3}},"line":138},"10":{"name":"(anonymous_10)","decl":{"start":{"line":157,"column":17},"end":{"line":157,"column":18}},"loc":{"start":{"line":157,"column":60},"end":{"line":214,"column":1}},"line":157},"11":{"name":"(anonymous_11)","decl":{"start":{"line":177,"column":13},"end":{"line":177,"column":14}},"loc":{"start":{"line":177,"column":23},"end":{"line":180,"column":3}},"line":177},"12":{"name":"onChange","decl":{"start":{"line":185,"column":11},"end":{"line":185,"column":19}},"loc":{"start":{"line":185,"column":21},"end":{"line":199,"column":3}},"line":185},"13":{"name":"(anonymous_13)","decl":{"start":{"line":204,"column":36},"end":{"line":204,"column":37}},"loc":{"start":{"line":204,"column":47},"end":{"line":212,"column":3}},"line":204},"14":{"name":"createTable","decl":{"start":{"line":219,"column":9},"end":{"line":219,"column":20}},"loc":{"start":{"line":219,"column":22},"end":{"line":241,"column":1}},"line":219},"15":{"name":"(anonymous_15)","decl":{"start":{"line":223,"column":23},"end":{"line":223,"column":24}},"loc":{"start":{"line":223,"column":31},"end":{"line":230,"column":5}},"line":223},"16":{"name":"(anonymous_16)","decl":{"start":{"line":226,"column":22},"end":{"line":226,"column":23}},"loc":{"start":{"line":226,"column":41},"end":{"line":228,"column":7}},"line":226},"17":{"name":"(anonymous_17)","decl":{"start":{"line":231,"column":25},"end":{"line":231,"column":26}},"loc":{"start":{"line":231,"column":36},"end":{"line":231,"column":169}},"line":231},"18":{"name":"handleFicheiroSalas","decl":{"start":{"line":250,"column":15},"end":{"line":250,"column":34}},"loc":{"start":{"line":250,"column":41},"end":{"line":267,"column":7}},"line":250},"19":{"name":"(anonymous_19)","decl":{"start":{"line":256,"column":24},"end":{"line":256,"column":25}},"loc":{"start":{"line":256,"column":36},"end":{"line":260,"column":9}},"line":256},"20":{"name":"(anonymous_20)","decl":{"start":{"line":262,"column":25},"end":{"line":262,"column":26}},"loc":{"start":{"line":262,"column":37},"end":{"line":264,"column":9}},"line":262},"21":{"name":"filtrarFileCaracterizacaoSalas","decl":{"start":{"line":275,"column":9},"end":{"line":275,"column":39}},"loc":{"start":{"line":275,"column":48},"end":{"line":289,"column":1}},"line":275},"22":{"name":"createFilterHorarioForm","decl":{"start":{"line":294,"column":9},"end":{"line":294,"column":32}},"loc":{"start":{"line":294,"column":34},"end":{"line":355,"column":1}},"line":294},"23":{"name":"(anonymous_23)","decl":{"start":{"line":340,"column":36},"end":{"line":340,"column":37}},"loc":{"start":{"line":340,"column":52},"end":{"line":353,"column":5}},"line":340},"24":{"name":"(anonymous_24)","decl":{"start":{"line":347,"column":21},"end":{"line":347,"column":22}},"loc":{"start":{"line":347,"column":37},"end":{"line":352,"column":7}},"line":347},"25":{"name":"setTextFilter","decl":{"start":{"line":361,"column":9},"end":{"line":361,"column":22}},"loc":{"start":{"line":361,"column":29},"end":{"line":384,"column":1}},"line":361},"26":{"name":"resetTextFilter","decl":{"start":{"line":389,"column":9},"end":{"line":389,"column":24}},"loc":{"start":{"line":389,"column":26},"end":{"line":396,"column":1}},"line":389},"27":{"name":"(anonymous_27)","decl":{"start":{"line":392,"column":17},"end":{"line":392,"column":18}},"loc":{"start":{"line":392,"column":33},"end":{"line":395,"column":1}},"line":392},"28":{"name":"tipoDeInputASerCriado","decl":{"start":{"line":403,"column":9},"end":{"line":403,"column":30}},"loc":{"start":{"line":403,"column":44},"end":{"line":412,"column":1}},"line":403},"29":{"name":"createSecondTable","decl":{"start":{"line":417,"column":9},"end":{"line":417,"column":26}},"loc":{"start":{"line":417,"column":28},"end":{"line":435,"column":1}},"line":417},"30":{"name":"(anonymous_30)","decl":{"start":{"line":420,"column":44},"end":{"line":420,"column":45}},"loc":{"start":{"line":420,"column":52},"end":{"line":427,"column":7}},"line":420},"31":{"name":"(anonymous_31)","decl":{"start":{"line":423,"column":43},"end":{"line":423,"column":44}},"loc":{"start":{"line":423,"column":62},"end":{"line":425,"column":9}},"line":423},"32":{"name":"(anonymous_32)","decl":{"start":{"line":428,"column":46},"end":{"line":428,"column":47}},"loc":{"start":{"line":428,"column":57},"end":{"line":428,"column":88}},"line":428},"33":{"name":"hasData","decl":{"start":{"line":443,"column":9},"end":{"line":443,"column":16}},"loc":{"start":{"line":443,"column":24},"end":{"line":451,"column":1}},"line":443},"34":{"name":"hasHour","decl":{"start":{"line":458,"column":9},"end":{"line":458,"column":16}},"loc":{"start":{"line":458,"column":24},"end":{"line":466,"column":1}},"line":458},"35":{"name":"(anonymous_35)","decl":{"start":{"line":469,"column":19},"end":{"line":469,"column":20}},"loc":{"start":{"line":469,"column":29},"end":{"line":513,"column":1}},"line":469},"36":{"name":"(anonymous_36)","decl":{"start":{"line":492,"column":17},"end":{"line":492,"column":18}},"loc":{"start":{"line":492,"column":28},"end":{"line":508,"column":11}},"line":492},"37":{"name":"minMaxFilterFunction","decl":{"start":{"line":523,"column":9},"end":{"line":523,"column":29}},"loc":{"start":{"line":523,"column":75},"end":{"line":540,"column":1}},"line":523},"38":{"name":"createFilterCaracterizacaoForm","decl":{"start":{"line":545,"column":9},"end":{"line":545,"column":39}},"loc":{"start":{"line":545,"column":41},"end":{"line":605,"column":1}},"line":545},"39":{"name":"(anonymous_39)","decl":{"start":{"line":591,"column":36},"end":{"line":591,"column":37}},"loc":{"start":{"line":591,"column":52},"end":{"line":603,"column":5}},"line":591},"40":{"name":"(anonymous_40)","decl":{"start":{"line":597,"column":21},"end":{"line":597,"column":22}},"loc":{"start":{"line":597,"column":37},"end":{"line":602,"column":7}},"line":597},"41":{"name":"resetTextFilter2","decl":{"start":{"line":610,"column":9},"end":{"line":610,"column":25}},"loc":{"start":{"line":610,"column":27},"end":{"line":617,"column":1}},"line":610},"42":{"name":"(anonymous_42)","decl":{"start":{"line":613,"column":17},"end":{"line":613,"column":18}},"loc":{"start":{"line":613,"column":33},"end":{"line":616,"column":1}},"line":613},"43":{"name":"setTextFilter2","decl":{"start":{"line":623,"column":9},"end":{"line":623,"column":23}},"loc":{"start":{"line":623,"column":30},"end":{"line":645,"column":1}},"line":623}},"branchMap":{"0":{"loc":{"start":{"line":20,"column":0},"end":{"line":21,"column":50}},"type":"if","locations":[{"start":{"line":20,"column":0},"end":{"line":21,"column":50}},{"start":{},"end":{}}],"line":20},"1":{"loc":{"start":{"line":28,"column":4},"end":{"line":31,"column":5}},"type":"if","locations":[{"start":{"line":28,"column":4},"end":{"line":31,"column":5}},{"start":{},"end":{}}],"line":28},"2":{"loc":{"start":{"line":41,"column":0},"end":{"line":44,"column":5}},"type":"if","locations":[{"start":{"line":41,"column":0},"end":{"line":44,"column":5}},{"start":{},"end":{}}],"line":41},"3":{"loc":{"start":{"line":48,"column":0},"end":{"line":49,"column":66}},"type":"if","locations":[{"start":{"line":48,"column":0},"end":{"line":49,"column":66}},{"start":{},"end":{}}],"line":48},"4":{"loc":{"start":{"line":76,"column":2},"end":{"line":85,"column":3}},"type":"if","locations":[{"start":{"line":76,"column":2},"end":{"line":85,"column":3}},{"start":{},"end":{}}],"line":76},"5":{"loc":{"start":{"line":126,"column":6},"end":{"line":130,"column":7}},"type":"if","locations":[{"start":{"line":126,"column":6},"end":{"line":130,"column":7}},{"start":{"line":128,"column":11},"end":{"line":130,"column":7}}],"line":126},"6":{"loc":{"start":{"line":139,"column":6},"end":{"line":141,"column":7}},"type":"if","locations":[{"start":{"line":139,"column":6},"end":{"line":141,"column":7}},{"start":{},"end":{}}],"line":139},"7":{"loc":{"start":{"line":143,"column":6},"end":{"line":145,"column":7}},"type":"if","locations":[{"start":{"line":143,"column":6},"end":{"line":145,"column":7}},{"start":{},"end":{}}],"line":143},"8":{"loc":{"start":{"line":194,"column":6},"end":{"line":198,"column":7}},"type":"if","locations":[{"start":{"line":194,"column":6},"end":{"line":198,"column":7}},{"start":{"line":196,"column":11},"end":{"line":198,"column":7}}],"line":194},"9":{"loc":{"start":{"line":205,"column":6},"end":{"line":207,"column":7}},"type":"if","locations":[{"start":{"line":205,"column":6},"end":{"line":207,"column":7}},{"start":{},"end":{}}],"line":205},"10":{"loc":{"start":{"line":209,"column":6},"end":{"line":211,"column":7}},"type":"if","locations":[{"start":{"line":209,"column":6},"end":{"line":211,"column":7}},{"start":{},"end":{}}],"line":209},"11":{"loc":{"start":{"line":231,"column":76},"end":{"line":231,"column":145}},"type":"cond-expr","locations":[{"start":{"line":231,"column":94},"end":{"line":231,"column":104}},{"start":{"line":231,"column":107},"end":{"line":231,"column":145}}],"line":231},"12":{"loc":{"start":{"line":231,"column":107},"end":{"line":231,"column":145}},"type":"cond-expr","locations":[{"start":{"line":231,"column":125},"end":{"line":231,"column":135}},{"start":{"line":231,"column":138},"end":{"line":231,"column":145}}],"line":231},"13":{"loc":{"start":{"line":247,"column":6},"end":{"line":248,"column":82}},"type":"if","locations":[{"start":{"line":247,"column":6},"end":{"line":248,"column":82}},{"start":{},"end":{}}],"line":247},"14":{"loc":{"start":{"line":348,"column":8},"end":{"line":351,"column":9}},"type":"if","locations":[{"start":{"line":348,"column":8},"end":{"line":351,"column":9}},{"start":{},"end":{}}],"line":348},"15":{"loc":{"start":{"line":348,"column":11},"end":{"line":348,"column":44}},"type":"binary-expr","locations":[{"start":{"line":348,"column":11},"end":{"line":348,"column":26}},{"start":{"line":348,"column":30},"end":{"line":348,"column":44}}],"line":348},"16":{"loc":{"start":{"line":365,"column":4},"end":{"line":381,"column":5}},"type":"if","locations":[{"start":{"line":365,"column":4},"end":{"line":381,"column":5}},{"start":{"line":373,"column":8},"end":{"line":381,"column":5}}],"line":365},"17":{"loc":{"start":{"line":367,"column":8},"end":{"line":370,"column":66}},"type":"if","locations":[{"start":{"line":367,"column":8},"end":{"line":370,"column":66}},{"start":{"line":370,"column":8},"end":{"line":370,"column":66}}],"line":367},"18":{"loc":{"start":{"line":393,"column":4},"end":{"line":394,"column":23}},"type":"if","locations":[{"start":{"line":393,"column":4},"end":{"line":394,"column":23}},{"start":{},"end":{}}],"line":393},"19":{"loc":{"start":{"line":404,"column":2},"end":{"line":409,"column":18}},"type":"if","locations":[{"start":{"line":404,"column":2},"end":{"line":409,"column":18}},{"start":{"line":406,"column":7},"end":{"line":409,"column":18}}],"line":404},"20":{"loc":{"start":{"line":406,"column":7},"end":{"line":409,"column":18}},"type":"if","locations":[{"start":{"line":406,"column":7},"end":{"line":409,"column":18}},{"start":{"line":409,"column":4},"end":{"line":409,"column":18}}],"line":406},"21":{"loc":{"start":{"line":446,"column":2},"end":{"line":450,"column":16}},"type":"if","locations":[{"start":{"line":446,"column":2},"end":{"line":450,"column":16}},{"start":{"line":450,"column":4},"end":{"line":450,"column":16}}],"line":446},"22":{"loc":{"start":{"line":461,"column":2},"end":{"line":465,"column":16}},"type":"if","locations":[{"start":{"line":461,"column":2},"end":{"line":465,"column":16}},{"start":{"line":465,"column":4},"end":{"line":465,"column":16}}],"line":461},"23":{"loc":{"start":{"line":478,"column":25},"end":{"line":478,"column":77}},"type":"cond-expr","locations":[{"start":{"line":478,"column":46},"end":{"line":478,"column":63}},{"start":{"line":478,"column":66},"end":{"line":478,"column":77}}],"line":478},"24":{"loc":{"start":{"line":501,"column":14},"end":{"line":507,"column":15}},"type":"if","locations":[{"start":{"line":501,"column":14},"end":{"line":507,"column":15}},{"start":{"line":504,"column":19},"end":{"line":507,"column":15}}],"line":501},"25":{"loc":{"start":{"line":525,"column":6},"end":{"line":537,"column":7}},"type":"if","locations":[{"start":{"line":525,"column":6},"end":{"line":537,"column":7}},{"start":{},"end":{}}],"line":525},"26":{"loc":{"start":{"line":526,"column":10},"end":{"line":536,"column":11}},"type":"if","locations":[{"start":{"line":526,"column":10},"end":{"line":536,"column":11}},{"start":{"line":532,"column":15},"end":{"line":536,"column":11}}],"line":526},"27":{"loc":{"start":{"line":527,"column":14},"end":{"line":531,"column":15}},"type":"if","locations":[{"start":{"line":527,"column":14},"end":{"line":531,"column":15}},{"start":{"line":529,"column":19},"end":{"line":531,"column":15}}],"line":527},"28":{"loc":{"start":{"line":528,"column":25},"end":{"line":528,"column":85}},"type":"binary-expr","locations":[{"start":{"line":528,"column":25},"end":{"line":528,"column":54}},{"start":{"line":528,"column":58},"end":{"line":528,"column":85}}],"line":528},"29":{"loc":{"start":{"line":533,"column":14},"end":{"line":535,"column":15}},"type":"if","locations":[{"start":{"line":533,"column":14},"end":{"line":535,"column":15}},{"start":{},"end":{}}],"line":533},"30":{"loc":{"start":{"line":598,"column":8},"end":{"line":601,"column":9}},"type":"if","locations":[{"start":{"line":598,"column":8},"end":{"line":601,"column":9}},{"start":{},"end":{}}],"line":598},"31":{"loc":{"start":{"line":598,"column":11},"end":{"line":598,"column":44}},"type":"binary-expr","locations":[{"start":{"line":598,"column":11},"end":{"line":598,"column":26}},{"start":{"line":598,"column":30},"end":{"line":598,"column":44}}],"line":598},"32":{"loc":{"start":{"line":614,"column":4},"end":{"line":615,"column":23}},"type":"if","locations":[{"start":{"line":614,"column":4},"end":{"line":615,"column":23}},{"start":{},"end":{}}],"line":614},"33":{"loc":{"start":{"line":627,"column":2},"end":{"line":642,"column":3}},"type":"if","locations":[{"start":{"line":627,"column":2},"end":{"line":642,"column":3}},{"start":{"line":635,"column":6},"end":{"line":642,"column":3}}],"line":627},"34":{"loc":{"start":{"line":629,"column":6},"end":{"line":632,"column":64}},"type":"if","locations":[{"start":{"line":629,"column":6},"end":{"line":632,"column":64}},{"start":{"line":632,"column":6},"end":{"line":632,"column":64}}],"line":629}},"s":{"0":1,"1":1,"2":1,"3":1,"4":1,"5":1,"6":0,"7":1,"8":1,"9":0,"10":0,"11":1,"12":1,"13":1,"14":0,"15":0,"16":1,"17":1,"18":0,"19":0,"20":0,"21":0,"22":0,"23":0,"24":0,"25":0,"26":0,"27":0,"28":0,"29":1,"30":0,"31":0,"32":0,"33":1,"34":1,"35":1,"36":1,"37":0,"38":0,"39":0,"40":0,"41":0,"42":0,"43":0,"44":0,"45":0,"46":0,"47":0,"48":0,"49":0,"50":0,"51":0,"52":0,"53":0,"54":0,"55":0,"56":0,"57":1,"58":0,"59":0,"60":0,"61":0,"62":0,"63":0,"64":0,"65":0,"66":0,"67":0,"68":0,"69":0,"70":0,"71":0,"72":0,"73":0,"74":0,"75":0,"76":0,"77":0,"78":0,"79":0,"80":0,"81":0,"82":1,"83":0,"84":0,"85":0,"86":0,"87":0,"88":0,"89":0,"90":1,"91":1,"92":1,"93":0,"94":0,"95":0,"96":0,"97":0,"98":0,"99":0,"100":0,"101":0,"102":0,"103":0,"104":0,"105":0,"106":0,"107":0,"108":0,"109":0,"110":0,"111":0,"112":0,"113":0,"114":0,"115":0,"116":0,"117":0,"118":0,"119":0,"120":0,"121":0,"122":0,"123":0,"124":0,"125":0,"126":0,"127":0,"128":0,"129":0,"130":0,"131":0,"132":0,"133":0,"134":0,"135":0,"136":0,"137":0,"138":0,"139":0,"140":0,"141":0,"142":0,"143":0,"144":0,"145":0,"146":0,"147":0,"148":0,"149":0,"150":0,"151":0,"152":0,"153":0,"154":0,"155":0,"156":0,"157":0,"158":0,"159":0,"160":0,"161":0,"162":0,"163":0,"164":0,"165":0,"166":0,"167":0,"168":0,"169":0,"170":0,"171":0,"172":0,"173":0,"174":0,"175":0,"176":0,"177":0,"178":0,"179":0,"180":0,"181":0,"182":0,"183":0,"184":0,"185":0,"186":0,"187":0,"188":0,"189":0,"190":0,"191":0,"192":0,"193":0,"194":0,"195":0,"196":1,"197":0,"198":0,"199":0,"200":0,"201":0,"202":0,"203":0,"204":0,"205":0,"206":0,"207":0,"208":0,"209":0,"210":0,"211":0,"212":0,"213":0,"214":0,"215":0,"216":0,"217":0,"218":0,"219":0,"220":0,"221":0,"222":0,"223":0,"224":0,"225":0,"226":0,"227":0,"228":0,"229":0,"230":0,"231":0,"232":0,"233":0,"234":0,"235":0,"236":0,"237":0,"238":0,"239":0,"240":0,"241":0,"242":0,"243":0,"244":0,"245":0,"246":0,"247":0,"248":0,"249":0,"250":0,"251":0,"252":0,"253":0,"254":0,"255":0,"256":0,"257":0,"258":0,"259":0,"260":0,"261":0,"262":0,"263":0,"264":0,"265":0,"266":0,"267":0,"268":0,"269":0,"270":0,"271":0,"272":0,"273":0,"274":0,"275":0,"276":0,"277":0,"278":0,"279":0,"280":0,"281":0,"282":0,"283":0,"284":0},"f":{"0":1,"1":0,"2":0,"3":0,"4":0,"5":1,"6":0,"7":0,"8":0,"9":0,"10":0,"11":0,"12":0,"13":0,"14":1,"15":0,"16":0,"17":0,"18":0,"19":0,"20":0,"21":0,"22":0,"23":0,"24":0,"25":0,"26":0,"27":0,"28":0,"29":0,"30":0,"31":0,"32":0,"33":0,"34":0,"35":0,"36":0,"37":0,"38":0,"39":0,"40":0,"41":0,"42":0,"43":0},"b":{"0":[0,1],"1":[0,1],"2":[0,1],"3":[0,1],"4":[0,1],"5":[0,0],"6":[0,0],"7":[0,0],"8":[0,0],"9":[0,0],"10":[0,0],"11":[0,0],"12":[0,0],"13":[0,1],"14":[0,0],"15":[0,0],"16":[0,0],"17":[0,0],"18":[0,0],"19":[0,0],"20":[0,0],"21":[0,0],"22":[0,0],"23":[0,0],"24":[0,0],"25":[0,0],"26":[0,0],"27":[0,0],"28":[0,0],"29":[0,0],"30":[0,0],"31":[0,0],"32":[0,0],"33":[0,0],"34":[0,0]},"_coverageSchema":"1a1c01bbd47fc00a2c39e90264f33305004495a9","hash":"c3308f07c8e1ad61c0b21676ca203a5bae999faa"}
}
