TN:
SF:index3.js
FN:26,darkTheme
FN:42,(anonymous_1)
FN:51,handleFicheiroUpload
FN:56,(anonymous_3)
FN:62,(anonymous_4)
FN:75,filtrarFile
FN:99,(anonymous_6)
FN:117,(anonymous_7)
FN:125,onChange
FN:138,(anonymous_9)
FN:157,(anonymous_10)
FN:177,(anonymous_11)
FN:185,onChange
FN:204,(anonymous_13)
FN:219,createTable
FN:223,(anonymous_15)
FN:226,(anonymous_16)
FN:231,(anonymous_17)
FN:250,handleFicheiroSalas
FN:256,(anonymous_19)
FN:262,(anonymous_20)
FN:275,filtrarFileCaracterizacaoSalas
FN:294,createFilterHorarioForm
FN:340,(anonymous_23)
FN:347,(anonymous_24)
FN:361,setTextFilter
FN:389,resetTextFilter
FN:392,(anonymous_27)
FN:403,tipoDeInputASerCriado
FN:417,createSecondTable
FN:420,(anonymous_30)
FN:423,(anonymous_31)
FN:428,(anonymous_32)
FN:443,hasData
FN:458,hasHour
FN:469,(anonymous_35)
FN:492,(anonymous_36)
FN:523,minMaxFilterFunction
FN:545,createFilterCaracterizacaoForm
FN:591,(anonymous_39)
FN:597,(anonymous_40)
FN:610,resetTextFilter2
FN:613,(anonymous_42)
FN:623,setTextFilter2
FNF:44
FNH:3
FNDA:1,darkTheme
FNDA:0,(anonymous_1)
FNDA:0,handleFicheiroUpload
FNDA:0,(anonymous_3)
FNDA:0,(anonymous_4)
FNDA:1,filtrarFile
FNDA:0,(anonymous_6)
FNDA:0,(anonymous_7)
FNDA:0,onChange
FNDA:0,(anonymous_9)
FNDA:0,(anonymous_10)
FNDA:0,(anonymous_11)
FNDA:0,onChange
FNDA:0,(anonymous_13)
FNDA:1,createTable
FNDA:0,(anonymous_15)
FNDA:0,(anonymous_16)
FNDA:0,(anonymous_17)
FNDA:0,handleFicheiroSalas
FNDA:0,(anonymous_19)
FNDA:0,(anonymous_20)
FNDA:0,filtrarFileCaracterizacaoSalas
FNDA:0,createFilterHorarioForm
FNDA:0,(anonymous_23)
FNDA:0,(anonymous_24)
FNDA:0,setTextFilter
FNDA:0,resetTextFilter
FNDA:0,(anonymous_27)
FNDA:0,tipoDeInputASerCriado
FNDA:0,createSecondTable
FNDA:0,(anonymous_30)
FNDA:0,(anonymous_31)
FNDA:0,(anonymous_32)
FNDA:0,hasData
FNDA:0,hasHour
FNDA:0,(anonymous_35)
FNDA:0,(anonymous_36)
FNDA:0,minMaxFilterFunction
FNDA:0,createFilterCaracterizacaoForm
FNDA:0,(anonymous_39)
FNDA:0,(anonymous_40)
FNDA:0,resetTextFilter2
FNDA:0,(anonymous_42)
FNDA:0,setTextFilter2
DA:6,1
DA:7,1
DA:15,1
DA:17,1
DA:18,1
DA:20,1
DA:21,0
DA:27,1
DA:28,1
DA:29,0
DA:30,0
DA:32,1
DA:40,1
DA:41,1
DA:42,0
DA:43,0
DA:47,1
DA:48,1
DA:49,0
DA:52,0
DA:53,0
DA:54,0
DA:56,0
DA:57,0
DA:58,0
DA:59,0
DA:62,0
DA:63,0
DA:66,0
DA:76,1
DA:78,0
DA:81,0
DA:84,0
DA:86,1
DA:87,1
DA:90,1
DA:99,1
DA:103,0
DA:104,0
DA:106,0
DA:108,0
DA:109,0
DA:110,0
DA:112,0
DA:117,0
DA:118,0
DA:119,0
DA:126,0
DA:127,0
DA:129,0
DA:134,0
DA:138,0
DA:139,0
DA:140,0
DA:143,0
DA:144,0
DA:147,0
DA:157,1
DA:161,0
DA:162,0
DA:164,0
DA:166,0
DA:167,0
DA:168,0
DA:171,0
DA:172,0
DA:177,0
DA:178,0
DA:179,0
DA:188,0
DA:189,0
DA:192,0
DA:194,0
DA:195,0
DA:197,0
DA:201,0
DA:204,0
DA:205,0
DA:206,0
DA:209,0
DA:210,0
DA:213,0
DA:221,1
DA:224,0
DA:225,0
DA:226,0
DA:227,0
DA:229,0
DA:231,0
DA:240,0
DA:244,1
DA:245,1
DA:247,1
DA:248,0
DA:251,0
DA:252,0
DA:253,0
DA:254,0
DA:256,0
DA:257,0
DA:258,0
DA:259,0
DA:262,0
DA:263,0
DA:266,0
DA:278,0
DA:281,0
DA:284,0
DA:286,0
DA:287,0
DA:288,0
DA:296,0
DA:299,0
DA:300,0
DA:301,0
DA:303,0
DA:306,0
DA:307,0
DA:309,0
DA:310,0
DA:311,0
DA:312,0
DA:313,0
DA:314,0
DA:315,0
DA:316,0
DA:317,0
DA:318,0
DA:322,0
DA:323,0
DA:324,0
DA:325,0
DA:326,0
DA:329,0
DA:330,0
DA:331,0
DA:332,0
DA:333,0
DA:334,0
DA:336,0
DA:337,0
DA:340,0
DA:343,0
DA:346,0
DA:347,0
DA:348,0
DA:349,0
DA:350,0
DA:362,0
DA:363,0
DA:364,0
DA:365,0
DA:366,0
DA:367,0
DA:368,0
DA:370,0
DA:371,0
DA:374,0
DA:375,0
DA:378,0
DA:379,0
DA:380,0
DA:383,0
DA:390,0
DA:391,0
DA:392,0
DA:393,0
DA:394,0
DA:404,0
DA:405,0
DA:406,0
DA:407,0
DA:409,0
DA:418,0
DA:419,0
DA:421,0
DA:422,0
DA:423,0
DA:424,0
DA:426,0
DA:428,0
DA:434,0
DA:444,0
DA:445,0
DA:446,0
DA:447,0
DA:448,0
DA:450,0
DA:459,0
DA:460,0
DA:461,0
DA:462,0
DA:463,0
DA:465,0
DA:469,1
DA:470,0
DA:471,0
DA:473,0
DA:476,0
DA:477,0
DA:478,0
DA:481,0
DA:482,0
DA:484,0
DA:486,0
DA:487,0
DA:490,0
DA:495,0
DA:498,0
DA:501,0
DA:502,0
DA:503,0
DA:505,0
DA:506,0
DA:512,0
DA:525,0
DA:526,0
DA:527,0
DA:528,0
DA:530,0
DA:533,0
DA:534,0
DA:539,0
DA:547,0
DA:550,0
DA:551,0
DA:552,0
DA:553,0
DA:554,0
DA:557,0
DA:558,0
DA:560,0
DA:561,0
DA:562,0
DA:563,0
DA:564,0
DA:565,0
DA:566,0
DA:567,0
DA:568,0
DA:569,0
DA:573,0
DA:574,0
DA:575,0
DA:576,0
DA:577,0
DA:580,0
DA:581,0
DA:582,0
DA:583,0
DA:584,0
DA:585,0
DA:587,0
DA:588,0
DA:591,0
DA:593,0
DA:596,0
DA:597,0
DA:598,0
DA:599,0
DA:600,0
DA:611,0
DA:612,0
DA:613,0
DA:614,0
DA:615,0
DA:624,0
DA:625,0
DA:626,0
DA:627,0
DA:628,0
DA:629,0
DA:630,0
DA:632,0
DA:633,0
DA:636,0
DA:637,0
DA:639,0
DA:640,0
DA:641,0
DA:644,0
LF:281
LH:24
BRDA:20,0,0,0
BRDA:20,0,1,1
BRDA:28,1,0,0
BRDA:28,1,1,1
BRDA:41,2,0,0
BRDA:41,2,1,1
BRDA:48,3,0,0
BRDA:48,3,1,1
BRDA:76,4,0,0
BRDA:76,4,1,1
BRDA:126,5,0,0
BRDA:126,5,1,0
BRDA:139,6,0,0
BRDA:139,6,1,0
BRDA:143,7,0,0
BRDA:143,7,1,0
BRDA:194,8,0,0
BRDA:194,8,1,0
BRDA:205,9,0,0
BRDA:205,9,1,0
BRDA:209,10,0,0
BRDA:209,10,1,0
BRDA:231,11,0,0
BRDA:231,11,1,0
BRDA:231,12,0,0
BRDA:231,12,1,0
BRDA:247,13,0,0
BRDA:247,13,1,1
BRDA:348,14,0,0
BRDA:348,14,1,0
BRDA:348,15,0,0
BRDA:348,15,1,0
BRDA:365,16,0,0
BRDA:365,16,1,0
BRDA:367,17,0,0
BRDA:367,17,1,0
BRDA:393,18,0,0
BRDA:393,18,1,0
BRDA:404,19,0,0
BRDA:404,19,1,0
BRDA:406,20,0,0
BRDA:406,20,1,0
BRDA:446,21,0,0
BRDA:446,21,1,0
BRDA:461,22,0,0
BRDA:461,22,1,0
BRDA:478,23,0,0
BRDA:478,23,1,0
BRDA:501,24,0,0
BRDA:501,24,1,0
BRDA:525,25,0,0
BRDA:525,25,1,0
BRDA:526,26,0,0
BRDA:526,26,1,0
BRDA:527,27,0,0
BRDA:527,27,1,0
BRDA:528,28,0,0
BRDA:528,28,1,0
BRDA:533,29,0,0
BRDA:533,29,1,0
BRDA:598,30,0,0
BRDA:598,30,1,0
BRDA:598,31,0,0
BRDA:598,31,1,0
BRDA:614,32,0,0
BRDA:614,32,1,0
BRDA:627,33,0,0
BRDA:627,33,1,0
BRDA:629,34,0,0
BRDA:629,34,1,0
BRF:70
BRH:6
end_of_record
