TN:
SF:filtrarFile.js
FN:7,filtrarFile
FNF:1
FNH:1
FNDA:2,filtrarFile
DA:8,2
DA:9,1
DA:10,1
DA:15,1
DA:18,1
DA:21,1
DA:23,1
DA:26,1
LF:8
LH:8
BRDA:8,0,0,1
BRDA:8,0,1,1
BRF:2
BRH:2
end_of_record
TN:
SF:filtrarFileCaract.js
FN:1,filtrarFileCaracterizacaoSalas
FNF:1
FNH:1
FNDA:1,filtrarFileCaracterizacaoSalas
DA:4,1
DA:7,1
DA:10,1
DA:12,1
DA:13,1
DA:16,1
LF:6
LH:6
BRF:0
BRH:0
end_of_record
TN:
SF:handleFicheiroSalas.js
FN:1,handleFicheiroSalas
FN:7,(anonymous_1)
FN:13,(anonymous_2)
FNF:3
FNH:3
FNDA:2,handleFicheiroSalas
FNDA:1,(anonymous_1)
FNDA:1,(anonymous_2)
DA:2,2
DA:3,2
DA:4,2
DA:5,2
DA:7,2
DA:8,1
DA:9,1
DA:10,1
DA:13,2
DA:14,1
DA:17,2
DA:20,1
LF:12
LH:12
BRF:0
BRH:0
end_of_record
TN:
SF:handleFicheiroUpload.js
FN:1,handleFicheiroUpload
FN:6,(anonymous_1)
FN:12,(anonymous_2)
FNF:3
FNH:3
FNDA:2,handleFicheiroUpload
FNDA:1,(anonymous_1)
FNDA:1,(anonymous_2)
DA:2,2
DA:3,2
DA:4,2
DA:6,2
DA:7,1
DA:8,1
DA:9,1
DA:12,2
DA:13,1
DA:16,2
DA:19,1
LF:11
LH:11
BRF:0
BRH:0
end_of_record
TN:
SF:minMax.js
FN:1,minMaxFilterFunction
FNF:1
FNH:1
FNDA:5,minMaxFilterFunction
DA:3,5
DA:4,4
DA:5,4
DA:6,4
DA:8,0
DA:11,0
DA:12,0
DA:17,1
DA:20,1
LF:9
LH:6
BRDA:3,0,0,4
BRDA:3,0,1,1
BRDA:4,1,0,4
BRDA:4,1,1,0
BRDA:5,2,0,4
BRDA:5,2,1,0
BRDA:6,3,0,4
BRDA:6,3,1,3
BRDA:11,4,0,0
BRDA:11,4,1,0
BRF:10
BRH:6
end_of_record
TN:
SF:temDataEHora.js
FN:1,hasData
FN:16,hasHour
FNF:2
FNH:2
FNDA:3,hasData
FNDA:3,hasHour
DA:2,3
DA:3,3
DA:4,3
DA:5,2
DA:6,2
DA:8,1
DA:17,3
DA:18,3
DA:19,3
DA:20,2
DA:21,2
DA:23,1
DA:26,1
LF:13
LH:13
BRDA:4,0,0,2
BRDA:4,0,1,1
BRDA:19,1,0,2
BRDA:19,1,1,1
BRF:4
BRH:4
end_of_record
TN:
SF:tipoDeInput.js
FN:1,tipoDeInputASerCriado
FNF:1
FNH:1
FNDA:5,tipoDeInputASerCriado
DA:2,5
DA:3,2
DA:4,3
DA:5,2
DA:7,1
DA:12,1
LF:6
LH:6
BRDA:2,0,0,2
BRDA:2,0,1,3
BRDA:4,1,0,2
BRDA:4,1,1,1
BRF:4
BRH:4
end_of_record
